The system is: Windows - 10.0.19045 - AMD64
Compiling the C compiler identification source file "CMakeCCompilerId.c" succeeded.
Compiler: C:/Program Files/Microsoft Visual Studio/2022/Professional/VC/Tools/MSVC/14.34.31933/bin/Hostx64/x64/cl.exe 
Build flags: 
Id flags:  

The output was:
0
Optimalizující kompilátor C/C++ společnosti Microsoft (R) verze 19.34.31935 pro procesory x64
Copyright (C) Microsoft Corporation. Všechna práva vyhrazena.

CMakeCCompilerId.c
Microsoft (R) Incremental Linker Version 14.34.31935.0
Copyright (C) Microsoft Corporation.  All rights reserved.

/out:CMakeCCompilerId.exe 
CMakeCCompilerId.obj 


Compilation of the C compiler identification source "CMakeCCompilerId.c" produced "CMakeCCompilerId.exe"

Compilation of the C compiler identification source "CMakeCCompilerId.c" produced "CMakeCCompilerId.obj"

The C compiler identification is MSVC, found in "C:/Users/marti/OneDrive/Plocha/Elektronicky diar/Elektronicky_diar/Elektronicky diar/out/build/x64-debug/CMakeFiles/3.24.202208181-MSVC_2/CompilerIdC/CMakeCCompilerId.exe"

Compiling the CXX compiler identification source file "CMakeCXXCompilerId.cpp" succeeded.
Compiler: C:/Program Files/Microsoft Visual Studio/2022/Professional/VC/Tools/MSVC/14.34.31933/bin/Hostx64/x64/cl.exe 
Build flags: 
Id flags:  

The output was:
0
Optimalizující kompilátor C/C++ společnosti Microsoft (R) verze 19.34.31935 pro procesory x64
Copyright (C) Microsoft Corporation. Všechna práva vyhrazena.

CMakeCXXCompilerId.cpp
Microsoft (R) Incremental Linker Version 14.34.31935.0
Copyright (C) Microsoft Corporation.  All rights reserved.

/out:CMakeCXXCompilerId.exe 
CMakeCXXCompilerId.obj 


Compilation of the CXX compiler identification source "CMakeCXXCompilerId.cpp" produced "CMakeCXXCompilerId.exe"

Compilation of the CXX compiler identification source "CMakeCXXCompilerId.cpp" produced "CMakeCXXCompilerId.obj"

The CXX compiler identification is MSVC, found in "C:/Users/marti/OneDrive/Plocha/Elektronicky diar/Elektronicky_diar/Elektronicky diar/out/build/x64-debug/CMakeFiles/3.24.202208181-MSVC_2/CompilerIdCXX/CMakeCXXCompilerId.exe"

Detecting C compiler ABI info compiled with the following output:
Change Dir: C:/Users/marti/OneDrive/Plocha/Elektronicky diar/Elektronicky_diar/Elektronicky diar/out/build/x64-debug/CMakeFiles/CMakeTmp

Run Build Command(s):C:/Program Files/Microsoft Visual Studio/2022/Professional/Common7/IDE/CommonExtensions/Microsoft/CMake/Ninja/ninja.exe cmTC_6e335 && [1/2] Building C object CMakeFiles\cmTC_6e335.dir\CMakeCCompilerABI.c.obj
[2/2] Linking C executable cmTC_6e335.exe



Detecting CXX compiler ABI info compiled with the following output:
Change Dir: C:/Users/marti/OneDrive/Plocha/Elektronicky diar/Elektronicky_diar/Elektronicky diar/out/build/x64-debug/CMakeFiles/CMakeTmp

Run Build Command(s):C:/Program Files/Microsoft Visual Studio/2022/Professional/Common7/IDE/CommonExtensions/Microsoft/CMake/Ninja/ninja.exe cmTC_93e75 && [1/2] Building CXX object CMakeFiles\cmTC_93e75.dir\CMakeCXXCompilerABI.cpp.obj
[2/2] Linking CXX executable cmTC_93e75.exe



